<?xml version="1.0" encoding="UTF-8"?>
<testng-results ignored="0" total="3" passed="2" failed="1" skipped="0">
  <reporter-output>
  </reporter-output>
  <suite started-at="2022-12-24T15:33:24 IST" name="Default suite" finished-at="2022-12-24T15:34:36 IST" duration-ms="72666">
    <groups>
    </groups>
    <test started-at="2022-12-24T15:33:24 IST" name="Default test" finished-at="2022-12-24T15:34:36 IST" duration-ms="72666">
      <class name="testkhanacademy.testTeachers">
        <test-method is-config="true" signature="beforeclass()[pri:0, instance:testkhanacademy.testTeachers@c267ef4]" started-at="2022-12-24T15:33:24 IST" name="beforeclass" finished-at="2022-12-24T15:33:43 IST" duration-ms="19455" status="PASS">
          <reporter-output>
          </reporter-output>
        </test-method> <!-- beforeclass -->
        <test-method is-config="true" signature="beforemethod()[pri:0, instance:testkhanacademy.testTeachers@c267ef4]" started-at="2022-12-24T15:33:43 IST" name="beforemethod" finished-at="2022-12-24T15:33:48 IST" duration-ms="4633" status="PASS">
          <reporter-output>
          </reporter-output>
        </test-method> <!-- beforemethod -->
        <test-method signature="profile()[pri:0, instance:testkhanacademy.testTeachers@c267ef4]" started-at="2022-12-24T15:33:48 IST" name="profile" finished-at="2022-12-24T15:34:02 IST" duration-ms="14287" status="FAIL">
          <exception class="java.lang.AssertionError">
            <message>
              <![CDATA[The following asserts failed:
expected [https://www.khanacademy.org/profile/m/] but found [https://www.khanacademy.org/profile/me/],
expected [true] but found [false]]]>
            </message>
            <full-stacktrace>
              <![CDATA[java.lang.AssertionError: The following asserts failed:
expected [https://www.khanacademy.org/profile/m/] but found [https://www.khanacademy.org/profile/me/],
expected [true] but found [false]
at org.testng.asserts.SoftAssert.assertAll(SoftAssert.java:47)
at org.testng.asserts.SoftAssert.assertAll(SoftAssert.java:31)
at testkhanacademy.testTeachers.profile(testTeachers.java:104)
at java.base/jdk.internal.reflect.DirectMethodHandleAccessor.invoke(DirectMethodHandleAccessor.java:104)
at java.base/java.lang.reflect.Method.invoke(Method.java:577)
at org.testng.internal.MethodInvocationHelper.invokeMethod(MethodInvocationHelper.java:133)
at org.testng.internal.TestInvoker.invokeMethod(TestInvoker.java:598)
at org.testng.internal.TestInvoker.invokeTestMethod(TestInvoker.java:173)
at org.testng.internal.MethodRunner.runInSequence(MethodRunner.java:46)
at org.testng.internal.TestInvoker$MethodInvocationAgent.invoke(TestInvoker.java:824)
at org.testng.internal.TestInvoker.invokeTestMethods(TestInvoker.java:146)
at org.testng.internal.TestMethodWorker.invokeTestMethods(TestMethodWorker.java:146)
at org.testng.internal.TestMethodWorker.run(TestMethodWorker.java:128)
at java.base/java.util.ArrayList.forEach(ArrayList.java:1511)
at org.testng.TestRunner.privateRun(TestRunner.java:794)
at org.testng.TestRunner.run(TestRunner.java:596)
at org.testng.SuiteRunner.runTest(SuiteRunner.java:377)
at org.testng.SuiteRunner.runSequentially(SuiteRunner.java:371)
at org.testng.SuiteRunner.privateRun(SuiteRunner.java:332)
at org.testng.SuiteRunner.run(SuiteRunner.java:276)
at org.testng.SuiteRunnerWorker.runSuite(SuiteRunnerWorker.java:53)
at org.testng.SuiteRunnerWorker.run(SuiteRunnerWorker.java:96)
at org.testng.TestNG.runSuitesSequentially(TestNG.java:1212)
at org.testng.TestNG.runSuitesLocally(TestNG.java:1134)
at org.testng.TestNG.runSuites(TestNG.java:1063)
at org.testng.TestNG.run(TestNG.java:1031)
at org.testng.remote.AbstractRemoteTestNG.run(AbstractRemoteTestNG.java:115)
at org.testng.remote.RemoteTestNG.initAndRun(RemoteTestNG.java:251)
at org.testng.remote.RemoteTestNG.main(RemoteTestNG.java:77)
]]>
            </full-stacktrace>
          </exception> <!-- java.lang.AssertionError -->
          <reporter-output>
          </reporter-output>
        </test-method> <!-- profile -->
        <test-method is-config="true" signature="aftermethod(org.testng.ITestResult)[pri:0, instance:testkhanacademy.testTeachers@c267ef4]" started-at="2022-12-24T15:34:02 IST" name="aftermethod" finished-at="2022-12-24T15:34:05 IST" duration-ms="3321" status="PASS">
          <params>
            <param index="0">
              <value>
                <![CDATA[[TestResult name=profile status=FAILURE method=testTeachers.profile()[pri:0, instance:testkhanacademy.testTeachers@c267ef4] output={null}]]]>
              </value>
            </param>
          </params>
          <reporter-output>
          </reporter-output>
        </test-method> <!-- aftermethod -->
        <test-method is-config="true" signature="beforemethod()[pri:0, instance:testkhanacademy.testTeachers@c267ef4]" started-at="2022-12-24T15:34:05 IST" name="beforemethod" finished-at="2022-12-24T15:34:09 IST" duration-ms="3656" status="PASS">
          <reporter-output>
          </reporter-output>
        </test-method> <!-- beforemethod -->
        <test-method signature="progress()[pri:0, instance:testkhanacademy.testTeachers@c267ef4]" started-at="2022-12-24T15:34:09 IST" name="progress" finished-at="2022-12-24T15:34:15 IST" duration-ms="6011" status="PASS">
          <reporter-output>
          </reporter-output>
        </test-method> <!-- progress -->
        <test-method is-config="true" signature="aftermethod(org.testng.ITestResult)[pri:0, instance:testkhanacademy.testTeachers@c267ef4]" started-at="2022-12-24T15:34:15 IST" name="aftermethod" finished-at="2022-12-24T15:34:17 IST" duration-ms="2263" status="PASS">
          <params>
            <param index="0">
              <value>
                <![CDATA[[TestResult name=progress status=SUCCESS method=testTeachers.progress()[pri:0, instance:testkhanacademy.testTeachers@c267ef4] output={null}]]]>
              </value>
            </param>
          </params>
          <reporter-output>
          </reporter-output>
        </test-method> <!-- aftermethod -->
        <test-method is-config="true" signature="beforemethod()[pri:0, instance:testkhanacademy.testTeachers@c267ef4]" started-at="2022-12-24T15:34:17 IST" name="beforemethod" finished-at="2022-12-24T15:34:23 IST" duration-ms="5225" status="PASS">
          <reporter-output>
          </reporter-output>
        </test-method> <!-- beforemethod -->
        <test-method signature="teachers()[pri:0, instance:testkhanacademy.testTeachers@c267ef4]" started-at="2022-12-24T15:34:23 IST" name="teachers" finished-at="2022-12-24T15:34:29 IST" duration-ms="6718" status="PASS">
          <reporter-output>
          </reporter-output>
        </test-method> <!-- teachers -->
        <test-method is-config="true" signature="aftermethod(org.testng.ITestResult)[pri:0, instance:testkhanacademy.testTeachers@c267ef4]" started-at="2022-12-24T15:34:29 IST" name="aftermethod" finished-at="2022-12-24T15:34:31 IST" duration-ms="1768" status="PASS">
          <params>
            <param index="0">
              <value>
                <![CDATA[[TestResult name=teachers status=SUCCESS method=testTeachers.teachers()[pri:0, instance:testkhanacademy.testTeachers@c267ef4] output={null}]]]>
              </value>
            </param>
          </params>
          <reporter-output>
          </reporter-output>
        </test-method> <!-- aftermethod -->
        <test-method is-config="true" signature="afterclass()[pri:0, instance:testkhanacademy.testTeachers@c267ef4]" started-at="2022-12-24T15:34:31 IST" name="afterclass" finished-at="2022-12-24T15:34:36 IST" duration-ms="5223" status="PASS">
          <reporter-output>
          </reporter-output>
        </test-method> <!-- afterclass -->
      </class> <!-- testkhanacademy.testTeachers -->
    </test> <!-- Default test -->
  </suite> <!-- Default suite -->
</testng-results>
